  BazaDanych.cpp
C:\Users\wikar\OneDrive\Pulpit\ppk2\3c67fa10-gr22-repo\Projekt\ProjektKantor Edited\BazaDanych.cpp(70,27): warning C4018: "<": niezgodność typu ze znakiem/bez znaku
C:\Users\wikar\OneDrive\Pulpit\ppk2\3c67fa10-gr22-repo\Projekt\ProjektKantor Edited\BazaDanych.cpp(85,27): warning C4018: "<": niezgodność typu ze znakiem/bez znaku
C:\Users\wikar\OneDrive\Pulpit\ppk2\3c67fa10-gr22-repo\Projekt\ProjektKantor Edited\BazaDanych.cpp(100,27): warning C4018: "<": niezgodność typu ze znakiem/bez znaku
C:\Users\wikar\OneDrive\Pulpit\ppk2\3c67fa10-gr22-repo\Projekt\ProjektKantor Edited\BazaDanych.cpp(129,23): warning C4018: "<": niezgodność typu ze znakiem/bez znaku
C:\Users\wikar\OneDrive\Pulpit\ppk2\3c67fa10-gr22-repo\Projekt\ProjektKantor Edited\BazaDanych.cpp(137,23): warning C4018: "<": niezgodność typu ze znakiem/bez znaku
C:\Users\wikar\OneDrive\Pulpit\ppk2\3c67fa10-gr22-repo\Projekt\ProjektKantor Edited\BazaDanych.cpp(158,23): warning C4018: "<": niezgodność typu ze znakiem/bez znaku
C:\Users\wikar\OneDrive\Pulpit\ppk2\3c67fa10-gr22-repo\Projekt\ProjektKantor Edited\BazaDanych.cpp(167,23): warning C4018: "<": niezgodność typu ze znakiem/bez znaku
  FizycznaWaluta.cpp
  Funkcje.cpp
C:\Users\wikar\OneDrive\Pulpit\ppk2\3c67fa10-gr22-repo\Projekt\ProjektKantor Edited\Funkcje.cpp(12,23): warning C4018: "<": niezgodność typu ze znakiem/bez znaku
  Kantor.cpp
C:\Users\wikar\OneDrive\Pulpit\ppk2\3c67fa10-gr22-repo\Projekt\ProjektKantor Edited\Kantor.cpp(12,23): warning C4018: "<": niezgodność typu ze znakiem/bez znaku
C:\Users\wikar\OneDrive\Pulpit\ppk2\3c67fa10-gr22-repo\Projekt\ProjektKantor Edited\Kantor.cpp(22,23): warning C4018: "<": niezgodność typu ze znakiem/bez znaku
C:\Users\wikar\OneDrive\Pulpit\ppk2\3c67fa10-gr22-repo\Projekt\ProjektKantor Edited\Kantor.cpp(32,23): warning C4018: "<": niezgodność typu ze znakiem/bez znaku
C:\Users\wikar\OneDrive\Pulpit\ppk2\3c67fa10-gr22-repo\Projekt\ProjektKantor Edited\Kantor.cpp(42,23): warning C4018: "<": niezgodność typu ze znakiem/bez znaku
C:\Users\wikar\OneDrive\Pulpit\ppk2\3c67fa10-gr22-repo\Projekt\ProjektKantor Edited\Kantor.cpp(52,23): warning C4018: "<": niezgodność typu ze znakiem/bez znaku
C:\Users\wikar\OneDrive\Pulpit\ppk2\3c67fa10-gr22-repo\Projekt\ProjektKantor Edited\Kantor.cpp(62,23): warning C4018: "<": niezgodność typu ze znakiem/bez znaku
C:\Users\wikar\OneDrive\Pulpit\ppk2\3c67fa10-gr22-repo\Projekt\ProjektKantor Edited\Kantor.cpp(72,23): warning C4018: "<": niezgodność typu ze znakiem/bez znaku
C:\Users\wikar\OneDrive\Pulpit\ppk2\3c67fa10-gr22-repo\Projekt\ProjektKantor Edited\Kantor.cpp(88,23): warning C4018: "<": niezgodność typu ze znakiem/bez znaku
C:\Users\wikar\OneDrive\Pulpit\ppk2\3c67fa10-gr22-repo\Projekt\ProjektKantor Edited\Kantor.cpp(93,31): warning C4018: "<": niezgodność typu ze znakiem/bez znaku
C:\Users\wikar\OneDrive\Pulpit\ppk2\3c67fa10-gr22-repo\Projekt\ProjektKantor Edited\Kantor.cpp(123,23): warning C4018: "<": niezgodność typu ze znakiem/bez znaku
C:\Users\wikar\OneDrive\Pulpit\ppk2\3c67fa10-gr22-repo\Projekt\ProjektKantor Edited\Kantor.cpp(131,23): warning C4018: "<": niezgodność typu ze znakiem/bez znaku
C:\Users\wikar\OneDrive\Pulpit\ppk2\3c67fa10-gr22-repo\Projekt\ProjektKantor Edited\Kantor.cpp(157,23): warning C4018: "<": niezgodność typu ze znakiem/bez znaku
C:\Users\wikar\OneDrive\Pulpit\ppk2\3c67fa10-gr22-repo\Projekt\ProjektKantor Edited\Kantor.cpp(168,23): warning C4018: "<": niezgodność typu ze znakiem/bez znaku
C:\Users\wikar\OneDrive\Pulpit\ppk2\3c67fa10-gr22-repo\Projekt\ProjektKantor Edited\Kantor.cpp(190,23): warning C4018: "<": niezgodność typu ze znakiem/bez znaku
C:\Users\wikar\OneDrive\Pulpit\ppk2\3c67fa10-gr22-repo\Projekt\ProjektKantor Edited\Kantor.cpp(198,23): warning C4018: "<": niezgodność typu ze znakiem/bez znaku
C:\Users\wikar\OneDrive\Pulpit\ppk2\3c67fa10-gr22-repo\Projekt\ProjektKantor Edited\Kantor.cpp(218,23): warning C4018: "<": niezgodność typu ze znakiem/bez znaku
C:\Users\wikar\OneDrive\Pulpit\ppk2\3c67fa10-gr22-repo\Projekt\ProjektKantor Edited\Kantor.cpp(236,23): warning C4018: "<": niezgodność typu ze znakiem/bez znaku
C:\Users\wikar\OneDrive\Pulpit\ppk2\3c67fa10-gr22-repo\Projekt\ProjektKantor Edited\Kantor.cpp(267,23): warning C4018: "<": niezgodność typu ze znakiem/bez znaku
C:\Users\wikar\OneDrive\Pulpit\ppk2\3c67fa10-gr22-repo\Projekt\ProjektKantor Edited\Kantor.cpp(287,23): warning C4018: "<": niezgodność typu ze znakiem/bez znaku
C:\Users\wikar\OneDrive\Pulpit\ppk2\3c67fa10-gr22-repo\Projekt\ProjektKantor Edited\Kantor.cpp(298,23): warning C4018: "<": niezgodność typu ze znakiem/bez znaku
C:\Users\wikar\OneDrive\Pulpit\ppk2\3c67fa10-gr22-repo\Projekt\ProjektKantor Edited\Kantor.cpp(311,23): warning C4018: "<": niezgodność typu ze znakiem/bez znaku
C:\Users\wikar\OneDrive\Pulpit\ppk2\3c67fa10-gr22-repo\Projekt\ProjektKantor Edited\Kantor.cpp(331,23): warning C4018: "<": niezgodność typu ze znakiem/bez znaku
C:\Users\wikar\OneDrive\Pulpit\ppk2\3c67fa10-gr22-repo\Projekt\ProjektKantor Edited\Kantor.cpp(340,23): warning C4018: "<": niezgodność typu ze znakiem/bez znaku
C:\Users\wikar\OneDrive\Pulpit\ppk2\3c67fa10-gr22-repo\Projekt\ProjektKantor Edited\Kantor.cpp(353,23): warning C4018: "<": niezgodność typu ze znakiem/bez znaku
C:\Users\wikar\OneDrive\Pulpit\ppk2\3c67fa10-gr22-repo\Projekt\ProjektKantor Edited\Kantor.cpp(360,23): warning C4018: "<": niezgodność typu ze znakiem/bez znaku
C:\Users\wikar\OneDrive\Pulpit\ppk2\3c67fa10-gr22-repo\Projekt\ProjektKantor Edited\Kantor.cpp(369,23): warning C4018: "<": niezgodność typu ze znakiem/bez znaku
C:\Users\wikar\OneDrive\Pulpit\ppk2\3c67fa10-gr22-repo\Projekt\ProjektKantor Edited\Kantor.cpp(373,23): warning C4018: "<": niezgodność typu ze znakiem/bez znaku
C:\Users\wikar\OneDrive\Pulpit\ppk2\3c67fa10-gr22-repo\Projekt\ProjektKantor Edited\Kantor.cpp(377,23): warning C4018: "<": niezgodność typu ze znakiem/bez znaku
  Klient.cpp
  KryptoWaluta.cpp
  Menu.cpp
C:\Users\wikar\OneDrive\Pulpit\ppk2\3c67fa10-gr22-repo\Projekt\ProjektKantor Edited\Menu.cpp(48,31): warning C4018: "<": niezgodność typu ze znakiem/bez znaku
  Pieniadz.cpp
  Portfel.cpp
C:\Users\wikar\OneDrive\Pulpit\ppk2\3c67fa10-gr22-repo\Projekt\ProjektKantor Edited\Portfel.cpp(11,23): warning C4018: "<": niezgodność typu ze znakiem/bez znaku
C:\Users\wikar\OneDrive\Pulpit\ppk2\3c67fa10-gr22-repo\Projekt\ProjektKantor Edited\Portfel.cpp(20,23): warning C4018: "<": niezgodność typu ze znakiem/bez znaku
C:\Users\wikar\OneDrive\Pulpit\ppk2\3c67fa10-gr22-repo\Projekt\ProjektKantor Edited\Portfel.cpp(37,23): warning C4018: "<": niezgodność typu ze znakiem/bez znaku
C:\Users\wikar\OneDrive\Pulpit\ppk2\3c67fa10-gr22-repo\Projekt\ProjektKantor Edited\Portfel.cpp(46,23): warning C4018: "<": niezgodność typu ze znakiem/bez znaku
C:\Users\wikar\OneDrive\Pulpit\ppk2\3c67fa10-gr22-repo\Projekt\ProjektKantor Edited\Portfel.cpp(73,27): warning C4018: "<": niezgodność typu ze znakiem/bez znaku
C:\Users\wikar\OneDrive\Pulpit\ppk2\3c67fa10-gr22-repo\Projekt\ProjektKantor Edited\Portfel.cpp(87,27): warning C4018: "<": niezgodność typu ze znakiem/bez znaku
C:\Users\wikar\OneDrive\Pulpit\ppk2\3c67fa10-gr22-repo\Projekt\ProjektKantor Edited\Portfel.cpp(106,23): warning C4018: "<": niezgodność typu ze znakiem/bez znaku
C:\Users\wikar\OneDrive\Pulpit\ppk2\3c67fa10-gr22-repo\Projekt\ProjektKantor Edited\Portfel.cpp(110,23): warning C4018: "<": niezgodność typu ze znakiem/bez znaku
  ProjektKantor.cpp
  Uzytkownik.cpp
  Waluta.cpp
  Generowanie kodu...
  ProjektKantor.vcxproj -> C:\Users\wikar\OneDrive\Pulpit\ppk2\3c67fa10-gr22-repo\Projekt\ProjektKantor Edited\Debug\ProjektKantor.exe
